<?xml version="1.0" encoding="UTF-8" ?>
<testsuite tests="1" failures="1" name="scholarshipTest.SmokeTest" time="8.758" errors="0" skipped="0">
  <properties>
[...]
</properties>
  <testcase classname="scholarshipTest.SmokeTest" name="test_Home_Page_Appear_Correct" time="8.758">
    <failure type="java.lang.NullPointerException">java.lang.NullPointerException
	at scholarshipTest.SmokeTest.test_Home_Page_Appear_Correct(SmokeTest.java:47)
</failure>
    <system-out>Configuring TestNG with: org.apache.maven.surefire.testng.conf.TestNG652Configurator@606d8acf
Page is loaded
</system-out>
    <system-err>1481101738248	geckodriver	INFO	Listening on 127.0.0.1:5645
Dec 07, 2016 2:38:58 PM org.openqa.selenium.remote.ProtocolHandshake createSession
INFO: Attempting bi-dialect session, assuming Postel&apos;s Law holds true on the remote end
1481101738849	mozprofile::profile	INFO	Using profile path C:\Users\QA\AppData\Local\Temp\rust_mozprofile.1NwommWzxR8m
1481101738849	geckodriver::marionette	INFO	Starting browser C:\Program Files (x86)\Mozilla Firefox\firefox.exe
1481101738864	geckodriver::marionette	INFO	Connecting to Marionette on localhost:61181
1481101740096	Marionette	INFO	Listening on port 61181
Dec 07, 2016 2:39:02 PM org.openqa.selenium.remote.ProtocolHandshake createSession
INFO: Detected dialect: W3C
</system-err>
  </testcase>
</testsuite>